<?xml version="1.0" encoding="UTF-8"?>
<!-- Generated by org.testng.reporters.JUnitXMLReporter -->
<testsuite hostname="Williamss-MacBook-Air.local" name="Test" tests="4" failures="0" timestamp="29 Jul 2017 10:59:04 GMT" time="14.587" errors="0">
  <testcase name="adminLoginTest" time="2.541" classname="com.primusbank.testcases.AdminLoginTestDDF"/>
  <testcase name="bankerLoginTest" time="2.166" classname="com.primusbank.testcases.BankerLoginTestDDF"/>
  <testcase name="bankerLoginTest" time="1.841" classname="com.primusbank.testcases.BankerLoginTestDDF"/>
  <testcase name="bankerLoginTest" time="1.847" classname="com.primusbank.testcases.BankerLoginTestDDF"/>
</testsuite> <!-- Test -->
